

11:58:50.343880
Register Request 0


11:59:00.439592
Register Request 1


11:59:00.448471
Register Response 0


11:59:00.456440
Register Response 1


11:59:00.462618
Routing Update
0,0:0,0
0,1:1,80
1,0:0,80
1,1:1,0
Routing Complete


11:59:50.537760
Switch Dead 1


12:01:23.014439
Register Request 0


12:01:28.450557
Register Request 1


12:01:28.453520
Register Response 0


12:01:28.461054
Register Response 1


12:01:28.465714
Routing Update
0,0:0,0
0,1:1,80
1,0:0,80
1,1:1,0
Routing Complete


12:02:08.536674
Switch Dead 1


12:02:08.539646
Switch Dead 1
