

12:53:44.515901
Register Request Sent


12:53:44.548703
Register Response received


12:53:44.566744
Routing Update
2,0:0
2,1:1
2,2:2
Routing Complete


11:24:18.690552
Register Request Sent


11:25:20.394076
Register Request Sent


11:25:51.175183
Register Request Sent


11:25:51.292881
Register Response received


11:25:51.319024
Routing Update
2,0:0
2,1:1
2,2:2
Routing Complete


11:39:14.625475
Register Request Sent


11:39:14.658189
Register Response received


11:39:14.715351
Routing Update
2,0:0
2,1:1
2,2:2
Routing Complete
