

07:44:07.400007
Register Request Sent


07:44:16.019743
Register Response received


07:44:16.042395
Routing Update
0,0:0
0,1:1
Routing Complete


07:47:22.887228
Register Request Sent


07:47:38.910975
Register Response received


07:47:38.929373
Routing Update
0,0:0
0,1:1
Routing Complete


07:49:48.840079
Register Request Sent


07:49:58.603108
Register Response received


07:49:58.622056
Routing Update
0,0:0
0,1:1
Routing Complete


07:51:46.864496
Register Request Sent


07:51:56.540934
Register Response received


07:51:56.561733
Routing Update
0,0:0
0,1:1
Routing Complete


08:17:29.810115
Register Request Sent


08:17:40.377010
Register Response received


08:17:40.397031
Routing Update
0,0:0
0,1:1
Routing Complete


08:18:28.312539
Register Request Sent


08:18:29.205140
Register Response received


08:18:29.220907
Routing Update
0,0:0
0,1:1
Routing Complete


08:18:55.120287
Register Request Sent


08:18:56.035638
Register Response received


08:18:56.054966
Routing Update
0,0:0
0,1:1
Routing Complete


08:20:21.480503
Register Request Sent


08:20:22.374890
Register Response received


08:20:22.394234
Routing Update
0,0:0
0,1:1
Routing Complete


08:25:14.482932
Register Request Sent


08:25:24.127156
Register Response received


08:25:24.146255
Routing Update
0,0:0
0,1:1
Routing Complete


08:26:18.562644
Register Request Sent


08:26:31.084975
Register Response received


08:26:31.102383
Routing Update
0,0:0
0,1:1
Routing Complete


08:32:34.474526
Register Request Sent


08:32:59.180191
Register Response received


08:32:59.201729
Routing Update
0,0:0
0,1:1
Routing Complete


08:38:05.471804
Register Request Sent


08:38:14.847283
Register Response received


08:38:14.865259
Routing Update
0,0:0
0,1:1
Routing Complete


08:40:06.440403
Register Request Sent


08:40:20.540095
Register Response received


08:40:20.603229
Routing Update
0,0:0
0,1:1
Routing Complete


08:41:35.162386
Register Request Sent


08:41:47.473966
Register Response received


08:41:47.525969
Routing Update
0,0:0
0,1:1
Routing Complete


08:48:06.473479
Register Request Sent


08:48:20.475365
Register Response received


08:48:20.519857
Routing Update
0,0:0
0,1:1
Routing Complete


08:53:54.830142
Register Request Sent


08:53:54.856186
Register Response received


08:53:54.886568
Routing Update
0,0:0
0,1:1
Routing Complete


08:58:48.705109
Register Request Sent


08:59:00.018417
Register Response received


08:59:00.072025
Routing Update
0,0:0
0,1:1
Routing Complete
