

11:59:00.438634
Register Request Sent


11:59:00.458440
Register Response received


11:59:00.469232
Routing Update
1,0:0
1,1:1
Routing Complete


12:01:28.448547
Register Request Sent


12:01:28.462615
Register Response received


12:01:28.473765
Routing Update
1,0:0
1,1:1
Routing Complete


12:15:56.065529
Register Request Sent


12:15:56.075523
Register Response received


12:15:56.084634
Routing Update
1,0:0
1,1:1
Routing Complete


12:17:49.775679
Register Request Sent


12:17:49.786728
Register Response received


12:17:49.799642
Routing Update
1,0:0
1,1:1
Routing Complete


12:19:44.442418
Register Request Sent


12:19:44.455973
Register Response received


12:19:44.466657
Routing Update
1,0:0
1,1:1
Routing Complete


12:20:50.348929
Register Request Sent


12:20:50.362095
Register Response received


12:20:50.372669
Routing Update
1,0:0
1,1:1
Routing Complete


12:31:56.964564
Register Request Sent


12:31:56.978157
Register Response received


12:31:56.990960
Routing Update
1,0:0
1,1:1
Routing Complete


12:32:51.069313
Register Request Sent


12:32:51.080356
Register Response received


12:32:51.091944
Routing Update
1,0:0
1,1:1
Routing Complete


12:34:26.578490
Register Request Sent


12:34:26.594171
Register Response received


12:34:26.607829
Routing Update
1,0:0
1,1:1
Routing Complete


12:35:03.274792
Register Request Sent


12:35:03.283763
Register Response received


12:35:03.295644
Routing Update
1,0:0
1,1:1
Routing Complete


12:36:30.971696
Register Request Sent


12:36:30.982676
Register Response received


12:36:30.993764
Routing Update
1,0:0
1,1:1
Routing Complete


12:41:39.577424
Register Request Sent


12:41:47.014726
Register Response received


12:41:47.035740
Routing Update
1,0:0
1,1:1
1,2:2
Routing Complete


12:53:50.057776
Register Request Sent


12:54:05.296702
Register Response received


12:54:05.321195
Routing Update
1,0:0
1,1:1
1,2:2
Routing Complete


12:57:36.212539
Register Request Sent


12:57:46.276073
Register Response received


12:57:46.300162
Routing Update
1,0:0
1,1:1
1,2:2
Routing Complete


12:59:34.862551
Register Request Sent


12:59:34.881664
Register Response received


12:59:34.893478
Routing Update
1,0:0
1,1:1
1,2:2
Routing Complete


13:00:38.143311
Register Request Sent


13:00:38.163654
Register Response received


13:00:38.174824
Routing Update
1,0:0
1,1:1
1,2:2
Routing Complete


13:01:57.362327
Register Request Sent


13:01:57.387817
Register Response received


13:01:57.400514
Routing Update
1,0:0
1,1:1
1,2:2
Routing Complete


13:03:58.659891
Register Request Sent


13:03:58.678314
Register Response received


13:03:58.688502
Routing Update
1,0:0
1,1:1
1,2:2
Routing Complete


13:04:52.983888
Register Request Sent


13:04:53.002640
Register Response received


13:04:53.012171
Routing Update
1,0:0
1,1:1
1,2:2
Routing Complete


13:08:02.262702
Register Request Sent


13:08:13.629602
Register Response received


13:08:13.652409
Routing Update
1,0:0
1,1:1
1,2:2
Routing Complete


13:10:41.183949
Register Request Sent


13:10:57.388360
Register Response received


13:10:57.407725
Routing Update
1,0:0
1,1:1
1,2:2
Routing Complete


13:26:52.801676
Register Request Sent


13:27:03.184826
Register Response received


13:27:03.204557
Routing Update
1,0:0
1,1:1
1,2:2
Routing Complete


08:10:51.171830
Register Request Sent


08:11:02.273519
Register Response received


08:11:02.296065
Routing Update
1,0:0
1,1:1
1,2:2
Routing Complete


08:14:07.963402
Register Request Sent


08:14:19.720360
Register Response received


08:14:19.771462
Routing Update
1,0:0
1,1:1
1,2:2
Routing Complete


08:16:01.187389
Register Request Sent


08:16:12.051185
Register Response received


08:16:12.073716
Routing Update
1,0:0
1,1:1
1,2:2
Routing Complete


08:19:44.616735
Register Request Sent


08:19:54.989577
Register Response received


08:19:55.009909
Routing Update
1,0:0
1,1:1
1,2:2
Routing Complete


08:23:37.022102
Register Request Sent


08:23:48.858651
Register Response received


08:23:48.875112
Routing Update
1,0:0
1,1:1
1,2:2
Routing Complete


08:25:50.642254
Register Request Sent


08:26:03.366031
Register Response received


08:26:03.388022
Routing Update
1,0:0
1,1:1
1,2:2
Routing Complete


08:28:38.844904
Register Request Sent


08:28:47.337934
Register Response received


08:28:47.360940
Routing Update
1,0:0
1,1:1
1,2:2
Routing Complete


08:31:06.951815
Register Request Sent


08:31:14.369954
Register Response received


08:31:14.393013
Routing Update
1,0:0
1,1:1
1,2:2
Routing Complete


08:33:00.674777
Register Request Sent


08:33:18.191186
Register Response received


08:33:18.217805
Routing Update
1,0:0
1,1:1
1,2:2
Routing Complete


08:37:05.043180
Register Request Sent


08:37:15.163907
Register Response received


08:37:15.184476
Routing Update
1,0:0
1,1:1
1,2:2
Routing Complete


08:38:45.900772
Register Request Sent


08:38:56.374511
Register Response received


08:38:56.393764
Routing Update
1,0:0
1,1:1
1,2:2
Routing Complete


08:40:08.764027
Register Request Sent


08:40:19.357956
Register Response received


08:40:19.382912
Routing Update
1,0:0
1,1:1
1,2:2
Routing Complete


08:41:40.196062
Register Request Sent


08:41:51.341903
Register Response received


08:41:51.368577
Routing Update
1,0:0
1,1:1
1,2:2
Routing Complete


08:43:30.133066
Register Request Sent


08:43:40.038065
Register Response received


08:43:40.058313
Routing Update
1,0:0
1,1:1
1,2:2
Routing Complete


08:45:39.463478
Register Request Sent


08:45:39.485188
Register Response received


08:45:39.498742
Routing Update
1,0:0
1,1:1
1,2:2
Routing Complete


08:45:47.552712
Neighbor Dead 0


08:45:47.572752
Neighbor Dead 2


08:45:53.606551
Routing Update
1,0:0
1,1:1
1,2:1
Routing Complete


08:46:46.315418
Register Request Sent


08:46:56.154094
Register Response received


08:46:56.177292
Routing Update
1,0:0
1,1:1
1,2:2
Routing Complete


08:52:31.888507
Register Request Sent


08:52:44.464526
Register Response received


08:52:44.485592
Routing Update
1,0:0
1,1:1
1,2:2
Routing Complete


08:54:55.582825
Register Request Sent


08:55:05.771766
Register Response received


08:55:05.802931
Routing Update
1,0:0
1,1:1
1,2:2
Routing Complete


08:56:56.892987
Register Request Sent


08:57:13.206064
Register Response received


08:57:13.224395
Routing Update
1,0:0
1,1:1
1,2:2
Routing Complete


09:03:01.946191
Register Request Sent


09:03:13.473944
Register Response received


09:03:13.498199
Routing Update
1,0:0
1,1:1
1,2:2
Routing Complete


09:40:51.960295
Register Request Sent


09:40:59.616546
Register Response received


09:40:59.638626
Routing Update
1,0:0
1,1:1
1,2:2
Routing Complete


09:42:18.215564
Register Request Sent


09:42:25.545269
Register Response received


09:42:25.566793
Routing Update
1,0:0
1,1:1
1,2:2
Routing Complete


09:44:02.764058
Register Request Sent


09:44:12.598072
Register Response received


09:44:12.638322
Routing Update
1,0:0
1,1:1
1,2:2
Routing Complete


09:45:04.757208
Register Request Sent


09:45:16.446485
Register Response received


09:45:16.478144
Routing Update
1,0:0
1,1:1
1,2:2
Routing Complete


09:46:19.775302
Register Request Sent


09:46:34.271347
Register Response received


09:46:34.297440
Routing Update
1,0:0
1,1:1
1,2:2
Routing Complete


09:47:03.279136
Register Request Sent


09:47:04.273778
Register Response received


09:47:04.296634
Routing Update
1,0:0
1,1:1
1,2:2
Routing Complete


09:49:08.221203
Register Request Sent


09:49:18.162656
Register Response received


09:49:18.201190
Routing Update
1,0:0
1,1:1
1,2:2
Routing Complete


09:50:23.436958
Register Request Sent


09:50:33.793600
Register Response received


09:50:33.815641
Routing Update
1,0:0
1,1:1
1,2:2
Routing Complete


09:52:17.393779
Register Request Sent


09:52:27.595057
Register Response received


09:52:27.617785
Routing Update
1,0:0
1,1:1
1,2:2
Routing Complete


09:53:13.386265
Register Request Sent


09:53:22.513099
Register Response received


09:53:22.535579
Routing Update
1,0:0
1,1:1
1,2:2
Routing Complete
