

13:46:36.102986
Register Request Sent


13:47:11.570889
Register Response received


13:47:11.612126
Routing Update
4,0:1
4,1:4
4,2:3
4,3:4
4,4:4
4,5:3
Routing Complete


13:50:10.715575
Register Request Sent


13:50:20.370900
Register Response received


13:50:20.410086
Routing Update
4,0:1
4,1:4
4,2:3
4,3:4
4,4:4
4,5:3
Routing Complete


13:52:55.646846
Register Request Sent


13:53:06.322747
Register Response received


13:53:06.352272
Routing Update
4,0:1
4,1:4
4,2:3
4,3:4
4,4:4
4,5:3
Routing Complete


14:03:45.205088
Register Request Sent


14:03:56.442093
Register Response received


14:03:56.479879
Routing Update
4,0:1
4,1:1
4,2:3
4,3:3
4,4:4
4,5:2
Routing Complete
