

13:46:09.217046
Register Request 0


13:46:14.015969
Register Request 1


13:46:24.862140
Register Request 3


13:46:36.102986
Register Request 4


13:46:47.231211
Register Request 5


13:47:11.524018
Register Request 2


13:47:11.539216
Register Response 0


13:47:11.550224
Register Response 1


13:47:11.561791
Register Response 3


13:47:11.569870
Register Response 4


13:47:11.579436
Register Response 5


13:47:11.591918
Register Response 2


13:47:11.603033
Routing Update
0,0:0,0
0,1:0,100
0,2:1,150
0,3:0,200
0,4:1,280
0,5:0,80
1,0:1,100
1,1:1,0
1,2:1,50
1,3:2,100
1,4:1,180
1,5:0,180
2,0:1,150
2,1:2,50
2,2:2,0
2,3:2,50
2,4:3,150
2,5:2,150
3,0:3,200
3,1:2,100
3,2:3,50
3,3:3,0
3,4:3,100
3,5:2,200
4,0:1,280
4,1:4,180
4,2:3,150
4,3:4,100
4,4:4,0
4,5:3,300
5,0:5,80
5,1:0,180
5,2:5,150
5,3:2,200
5,4:2,300
5,5:5,0
Routing Complete


13:49:41.378224
Register Request 0


13:49:47.537129
Register Request 1


13:49:54.427169
Register Request 2


13:50:02.619939
Register Request 3


13:50:10.716545
Register Request 4


13:50:20.321020
Register Request 5


13:50:20.322020
Register Response 0


13:50:20.328020
Register Response 1


13:50:20.341775
Register Response 2


13:50:20.357807
Register Response 3


13:50:20.369916
Register Response 4


13:50:20.383995
Register Response 5


13:50:20.397033
Routing Update
0,0:0,0
0,1:0,100
0,2:1,150
0,3:0,200
0,4:1,280
0,5:0,80
1,0:1,100
1,1:1,0
1,2:1,50
1,3:2,100
1,4:1,180
1,5:0,180
2,0:1,150
2,1:2,50
2,2:2,0
2,3:2,50
2,4:3,150
2,5:2,150
3,0:3,200
3,1:2,100
3,2:3,50
3,3:3,0
3,4:3,100
3,5:2,200
4,0:1,280
4,1:4,180
4,2:3,150
4,3:4,100
4,4:4,0
4,5:3,300
5,0:5,80
5,1:0,180
5,2:5,150
5,3:2,200
5,4:2,300
5,5:5,0
Routing Complete


13:52:21.268099
Register Request 0


13:52:28.109264
Register Request 1


13:52:35.813959
Register Request 2


13:52:43.932023
Register Request 3


13:52:55.647846
Register Request 4


13:53:06.283655
Register Request 5


13:53:06.284649
Register Response 0


13:53:06.291550
Register Response 1


13:53:06.302021
Register Response 2


13:53:06.312679
Register Response 3


13:53:06.321746
Register Response 4


13:53:06.332000
Register Response 5


13:53:06.343403
Routing Update
0,0:0,0
0,1:0,100
0,2:1,150
0,3:0,200
0,4:1,280
0,5:0,80
1,0:1,100
1,1:1,0
1,2:1,50
1,3:2,100
1,4:1,180
1,5:0,180
2,0:1,150
2,1:2,50
2,2:2,0
2,3:2,50
2,4:3,150
2,5:2,150
3,0:3,200
3,1:2,100
3,2:3,50
3,3:3,0
3,4:3,100
3,5:2,200
4,0:1,280
4,1:4,180
4,2:3,150
4,3:4,100
4,4:4,0
4,5:3,300
5,0:5,80
5,1:0,180
5,2:5,150
5,3:2,200
5,4:2,300
5,5:5,0
Routing Complete


13:56:24.885708
Register Request 0


13:56:34.896574
Register Request 1


13:56:34.897581
Register Response 0


13:56:34.906045
Register Response 1


14:02:03.280090
Register Request 0


14:02:12.729063
Register Request 1


14:02:12.730095
Register Response 0


14:02:12.738227
Register Response 1


14:02:12.751069
Routing Update
0,0:0,0
0,1:1,80
1,0:0,80
1,1:1,0
Routing Complete


14:02:28.836956
Switch Dead 1


14:02:28.841120
Routing Update
0,0:0,0
0,1:-1,9999
Routing Complete


14:02:58.099942
Register Request 0


14:03:09.217699
Register Request 1


14:03:21.826265
Register Request 2


14:03:33.795054
Register Request 3


14:03:45.206091
Register Request 4


14:03:56.395101
Register Request 5


14:03:56.396098
Register Response 0


14:03:56.402519
Register Response 1


14:03:56.412292
Register Response 2


14:03:56.425956
Register Response 3


14:03:56.441102
Register Response 4


14:03:56.455204
Register Response 5


14:03:56.467658
Routing Update
0,0:0,0
0,1:1,100
0,2:1,150
0,3:3,200
0,4:1,280
0,5:5,80
1,0:0,100
1,1:1,0
1,2:2,50
1,3:2,100
1,4:4,180
1,5:0,180
2,0:1,150
2,1:1,50
2,2:2,0
2,3:3,50
2,4:3,150
2,5:5,150
3,0:0,200
3,1:2,100
3,2:2,50
3,3:3,0
3,4:4,100
3,5:2,200
4,0:1,280
4,1:1,180
4,2:3,150
4,3:3,100
4,4:4,0
4,5:2,300
5,0:0,80
5,1:0,180
5,2:2,150
5,3:2,200
5,4:3,300
5,5:5,0
Routing Complete


14:08:22.190477
Register Request 0


14:08:30.200123
Register Request 1


14:08:30.210279
Register Response 0


14:08:30.217823
Register Response 1


14:08:30.225357
Routing Update
0,0:0,0
0,1:0,80
1,0:1,80
1,1:1,0
Routing Complete


14:13:37.778412
Register Request 0


14:13:44.633627
Register Request 1


14:13:44.635623
Register Response 0


14:13:44.648263
Register Response 1


14:13:44.658854
Routing Update
0,0:0,0
0,1:1,80
1,0:0,80
1,1:1,0
Routing Complete


14:14:02.748586
Switch Dead 1


14:14:02.752817
Routing Update
0,0:0,0
0,1:-1,9999
Routing Complete


14:14:27.043938
Register Request 0


14:14:36.222030
Register Request 1


14:14:48.938810
Register Request 2


14:14:59.689194
Register Request 3


14:15:08.222793
Register Request 4


14:15:30.198044
Register Request 5


14:15:30.200557
Register Response 0


14:15:30.212089
Register Response 1


14:15:30.219319
Register Response 2


14:15:30.227391
Register Response 3


14:15:30.238641
Register Response 4


14:15:30.254784
Register Response 5


14:15:30.265785
Routing Update
0,0:0,0
0,1:1,100
0,2:1,150
0,3:3,200
0,4:1,280
0,5:5,80
1,0:0,100
1,1:1,0
1,2:2,50
1,3:2,100
1,4:4,180
1,5:0,180
2,0:1,150
2,1:1,50
2,2:2,0
2,3:3,50
2,4:3,150
2,5:5,150
3,0:0,200
3,1:2,100
3,2:2,50
3,3:3,0
3,4:4,100
3,5:2,200
4,0:1,280
4,1:1,180
4,2:3,150
4,3:3,100
4,4:4,0
4,5:2,300
5,0:0,80
5,1:0,180
5,2:2,150
5,3:2,200
5,4:3,300
5,5:5,0
Routing Complete


14:19:04.027112
Register Request 0


14:19:11.824441
Register Request 1


14:19:19.588235
Register Request 2


14:19:29.167934
Register Request 3


14:19:38.075895
Register Request 4


14:19:47.750638
Register Request 5


14:19:47.751612
Register Response 0


14:19:47.764653
Register Response 1


14:19:47.778751
Register Response 2


14:19:47.792740
Register Response 3


14:19:47.804811
Register Response 4


14:19:47.818398
Register Response 5


14:19:47.828947
Routing Update
0,0:0,0
0,1:1,100
0,2:1,150
0,3:3,200
0,4:1,280
0,5:5,80
1,0:0,100
1,1:1,0
1,2:2,50
1,3:2,100
1,4:4,180
1,5:0,180
2,0:1,150
2,1:1,50
2,2:2,0
2,3:3,50
2,4:3,150
2,5:5,150
3,0:0,200
3,1:2,100
3,2:2,50
3,3:3,0
3,4:4,100
3,5:2,200
4,0:1,280
4,1:1,180
4,2:3,150
4,3:3,100
4,4:4,0
4,5:2,300
5,0:0,80
5,1:0,180
5,2:2,150
5,3:2,200
5,4:3,300
5,5:5,0
Routing Complete


14:21:52.617926
Register Request 0


14:22:02.553976
Register Request 1


14:22:11.307207
Register Request 2


14:22:19.443547
Register Request 3


14:22:28.071901
Register Request 4


14:22:37.065850
Register Request 5


14:22:37.075505
Register Response 0


14:22:37.085554
Register Response 1


14:22:37.094696
Register Response 2


14:22:37.100768
Register Response 3


14:22:37.108778
Register Response 4


14:22:37.116205
Register Response 5


14:22:37.130265
Routing Update
0,0:0,0
0,1:1,100
0,2:1,150
0,3:3,200
0,4:1,280
0,5:5,80
1,0:0,100
1,1:1,0
1,2:2,50
1,3:2,100
1,4:4,180
1,5:0,180
2,0:1,150
2,1:1,50
2,2:2,0
2,3:3,50
2,4:3,150
2,5:5,150
3,0:0,200
3,1:2,100
3,2:2,50
3,3:3,0
3,4:4,100
3,5:2,200
4,0:1,280
4,1:1,180
4,2:3,150
4,3:3,100
4,4:4,0
4,5:3,300
5,0:0,80
5,1:0,180
5,2:2,150
5,3:2,200
5,4:2,300
5,5:5,0
Routing Complete
