

14:14:59.689194
Register Request Sent


14:15:30.228390
Register Response received


14:15:30.282227
Routing Update
3,0:0
3,1:2
3,2:2
3,3:3
3,4:4
3,5:2
Routing Complete


14:19:29.166942
Register Request Sent


14:19:47.793738
Register Response received


14:19:47.843660
Routing Update
3,0:0
3,1:2
3,2:2
3,3:3
3,4:4
3,5:2
Routing Complete


14:22:19.442524
Register Request Sent


14:22:37.102777
Register Response received


14:22:37.146716
Routing Update
3,0:0
3,1:2
3,2:2
3,3:3
3,4:4
3,5:2
Routing Complete
