

14:08:22.188974
Register Request Sent


14:08:30.210791
Register Response received


14:08:30.234463
Routing Update
0,0:0
0,1:0
Routing Complete


14:13:37.778412
Register Request Sent


14:13:44.636766
Register Response received


14:13:44.672247
Routing Update
0,0:0
0,1:1
Routing Complete


14:14:27.042953
Register Request Sent


14:15:30.201570
Register Response received


14:15:30.282227
Routing Update
0,0:0
0,1:1
0,2:1
0,3:3
0,4:1
0,5:5
Routing Complete


14:19:04.026189
Register Request Sent


14:19:47.753118
Register Response received


14:19:47.843660
Routing Update
0,0:0
0,1:1
0,2:1
0,3:3
0,4:1
0,5:5
Routing Complete


14:21:52.616989
Register Request Sent


14:22:37.076514
Register Response received


14:22:37.146716
Routing Update
0,0:0
0,1:1
0,2:1
0,3:3
0,4:1
0,5:5
Routing Complete
