

12:53:42.673513
Register Request Sent


12:53:44.538477
Register Response received


12:53:44.566744
Routing Update
1,0:0
1,1:1
1,2:2
Routing Complete


21:22:36.693423
Register Request Sent


21:22:36.708508
Register Response received


21:22:36.723024
Routing Update
1,0:0
1,1:1
Routing Complete


21:24:06.730820
Register Request Sent


21:24:06.746356
Register Response received


21:24:06.760973
Routing Update
1,0:0
1,1:1
Routing Complete


13:31:06.214037
Register Request Sent


13:31:06.247165
Register Response received


13:31:06.255979
Routing Update
1,0:0
1,1:1
Routing Complete


13:32:45.668887
Register Request Sent


13:32:45.687798
Register Response received


13:32:45.707156
Routing Update
1,0:0
1,1:1
Routing Complete
