

14:14:48.937802
Register Request Sent


14:15:30.219859
Register Response received


14:15:30.282227
Routing Update
2,0:1
2,1:1
2,2:2
2,3:3
2,4:3
2,5:5
Routing Complete


14:19:19.587254
Register Request Sent


14:19:47.780797
Register Response received


14:19:47.843660
Routing Update
2,0:1
2,1:1
2,2:2
2,3:3
2,4:3
2,5:5
Routing Complete


14:22:11.306229
Register Request Sent


14:22:37.095694
Register Response received


14:22:37.146716
Routing Update
2,0:1
2,1:1
2,2:2
2,3:3
2,4:3
2,5:5
Routing Complete
